TN:
SF:src/auth.ts
FN:13,isNameValid
FN:32,isPasswordValid
FN:70,adminAuthRegister
FN:144,adminAuthLogin
FN:184,adminUserDetails
FN:188,(anonymous_6)
FN:209,adminAuthLogout
FN:212,(anonymous_8)
FN:245,(anonymous_9)
FN:302,(anonymous_10)
FNF:10
FNH:3
FNDA:4,isNameValid
FNDA:2,isPasswordValid
FNDA:2,adminAuthRegister
FNDA:0,adminAuthLogin
FNDA:0,adminUserDetails
FNDA:0,(anonymous_6)
FNDA:0,adminAuthLogout
FNDA:0,(anonymous_8)
FNDA:0,(anonymous_9)
FNDA:0,(anonymous_10)
DA:1,1
DA:2,1
DA:3,1
DA:14,4
DA:15,0
DA:17,4
DA:18,22
DA:19,0
DA:22,4
DA:33,2
DA:34,0
DA:36,2
DA:37,2
DA:38,2
DA:39,22
DA:40,20
DA:41,2
DA:42,2
DA:45,2
DA:46,0
DA:47,2
DA:48,0
DA:50,2
DA:70,1
DA:71,2
DA:74,2
DA:75,1
DA:76,0
DA:79,2
DA:80,0
DA:84,2
DA:85,0
DA:89,2
DA:90,0
DA:94,2
DA:95,0
DA:99,2
DA:100,2
DA:101,1
DA:102,1
DA:103,0
DA:106,1
DA:109,2
DA:115,2
DA:127,2
DA:129,2
DA:144,1
DA:145,0
DA:146,0
DA:147,0
DA:148,0
DA:149,0
DA:150,0
DA:151,0
DA:152,0
DA:153,0
DA:154,0
DA:155,0
DA:159,0
DA:160,0
DA:161,0
DA:165,0
DA:184,1
DA:185,0
DA:188,0
DA:191,0
DA:192,0
DA:198,0
DA:209,1
DA:210,0
DA:212,0
DA:214,0
DA:215,0
DA:220,0
DA:221,0
DA:222,0
DA:223,0
DA:224,0
DA:225,0
DA:226,0
DA:230,0
DA:245,1
DA:248,0
DA:251,0
DA:252,0
DA:253,0
DA:259,0
DA:260,0
DA:264,0
DA:265,0
DA:269,0
DA:270,0
DA:275,0
DA:276,0
DA:277,0
DA:278,0
DA:279,0
DA:280,0
DA:281,0
DA:282,0
DA:287,0
DA:302,1
DA:305,0
DA:307,0
DA:308,0
DA:312,0
DA:313,0
DA:317,0
DA:318,0
DA:319,0
DA:321,0
DA:322,0
DA:325,0
DA:326,0
DA:327,0
DA:330,0
DA:331,0
DA:332,0
DA:333,0
DA:338,0
LF:120
LH:40
BRDA:14,0,0,0
BRDA:14,0,1,4
BRDA:14,1,0,4
BRDA:14,1,1,4
BRDA:18,2,0,0
BRDA:18,2,1,22
BRDA:18,3,0,22
BRDA:18,3,1,18
BRDA:18,3,2,4
BRDA:18,3,3,4
BRDA:18,3,4,0
BRDA:18,3,5,0
BRDA:18,3,6,0
BRDA:33,4,0,0
BRDA:33,4,1,2
BRDA:39,5,0,20
BRDA:39,5,1,2
BRDA:39,6,0,22
BRDA:39,6,1,16
BRDA:39,6,2,6
BRDA:39,6,3,4
BRDA:41,7,0,2
BRDA:41,7,1,0
BRDA:41,8,0,2
BRDA:41,8,1,2
BRDA:45,9,0,0
BRDA:45,9,1,2
BRDA:47,10,0,0
BRDA:47,10,1,2
BRDA:75,11,0,0
BRDA:75,11,1,1
BRDA:79,12,0,0
BRDA:79,12,1,2
BRDA:84,13,0,0
BRDA:84,13,1,2
BRDA:89,14,0,0
BRDA:89,14,1,2
BRDA:94,15,0,0
BRDA:94,15,1,2
BRDA:100,16,0,1
BRDA:100,16,1,1
BRDA:102,17,0,0
BRDA:102,17,1,1
BRDA:147,18,0,0
BRDA:147,18,1,0
BRDA:148,19,0,0
BRDA:148,19,1,0
BRDA:191,20,0,0
BRDA:191,20,1,0
BRDA:214,21,0,0
BRDA:214,21,1,0
BRDA:223,22,0,0
BRDA:223,22,1,0
BRDA:252,23,0,0
BRDA:252,23,1,0
BRDA:259,24,0,0
BRDA:259,24,1,0
BRDA:264,25,0,0
BRDA:264,25,1,0
BRDA:269,26,0,0
BRDA:269,26,1,0
BRDA:277,27,0,0
BRDA:277,27,1,0
BRDA:307,28,0,0
BRDA:307,28,1,0
BRDA:312,29,0,0
BRDA:312,29,1,0
BRDA:319,30,0,0
BRDA:319,30,1,0
BRDA:321,31,0,0
BRDA:321,31,1,0
BRDA:326,32,0,0
BRDA:326,32,1,0
BRF:73
BRH:28
end_of_record
TN:
SF:src/dataStore.ts
FN:177,getData
FN:182,setData
FNF:2
FNH:2
FNDA:9,getData
FNDA:6,setData
DA:73,1
DA:178,9
DA:183,6
DA:186,1
LF:4
LH:4
BRF:0
BRH:0
end_of_record
TN:
SF:src/helperFunctions.ts
FN:2,validateAndReturnAuthUserId
FN:15,checkQuizOwnership
FN:17,(anonymous_2)
FNF:3
FNH:1
FNDA:4,validateAndReturnAuthUserId
FNDA:0,checkQuizOwnership
FNDA:0,(anonymous_2)
DA:1,1
DA:2,1
DA:3,4
DA:5,4
DA:6,6
DA:7,6
DA:8,3
DA:12,1
DA:15,1
DA:16,0
DA:17,0
DA:18,0
DA:19,0
DA:21,0
LF:14
LH:9
BRDA:7,0,0,3
BRDA:7,0,1,3
BRDA:18,1,0,0
BRDA:18,1,1,0
BRF:4
BRH:2
end_of_record
TN:
SF:src/newecho.ts
FN:3,echo
FNF:1
FNH:0
FNDA:0,echo
DA:1,1
DA:4,0
DA:6,0
DA:10,0
DA:15,1
LF:5
LH:2
BRDA:4,0,0,0
BRDA:4,0,1,0
BRF:2
BRH:0
end_of_record
TN:
SF:src/other.ts
FN:7,clear
FNF:1
FNH:1
FNDA:1,clear
DA:1,1
DA:7,1
DA:8,1
DA:13,1
LF:4
LH:4
BRF:0
BRH:0
end_of_record
TN:
SF:src/quiz.ts
FN:24,adminQuizList
FN:40,(anonymous_1)
FN:43,(anonymous_2)
FN:62,adminQuizCreate
FN:66,(anonymous_4)
FN:84,(anonymous_5)
FN:150,adminQuizRemove
FN:154,(anonymous_7)
FN:200,adminQuizInfo
FN:241,adminQuizNameUpdate
FN:243,(anonymous_10)
FN:264,(anonymous_11)
FN:292,adminQuizDescriptionUpdate
FN:294,(anonymous_13)
FN:311,adminQuizRemovedView
FN:328,(anonymous_15)
FN:331,(anonymous_16)
FN:341,adminQuizRestore
FN:392,adminQuizCreateQuestion
FN:394,(anonymous_19)
FN:420,(anonymous_20)
FN:425,(anonymous_21)
FN:474,adminQuizTransfer
FN:478,(anonymous_23)
FN:501,(anonymous_24)
FN:518,(anonymous_25)
FN:532,adminQuizUpdateQuestion
FN:534,(anonymous_27)
FN:535,(anonymous_28)
FN:563,(anonymous_29)
FN:568,(anonymous_30)
FN:614,adminQuizStartSession
FN:617,(anonymous_32)
FN:622,(anonymous_33)
FN:627,(anonymous_34)
FN:637,(anonymous_35)
FNF:36
FNH:3
FNDA:0,adminQuizList
FNDA:0,(anonymous_1)
FNDA:0,(anonymous_2)
FNDA:3,adminQuizCreate
FNDA:4,(anonymous_4)
FNDA:3,(anonymous_5)
FNDA:0,adminQuizRemove
FNDA:0,(anonymous_7)
FNDA:0,adminQuizInfo
FNDA:0,adminQuizNameUpdate
FNDA:0,(anonymous_10)
FNDA:0,(anonymous_11)
FNDA:0,adminQuizDescriptionUpdate
FNDA:0,(anonymous_13)
FNDA:0,adminQuizRemovedView
FNDA:0,(anonymous_15)
FNDA:0,(anonymous_16)
FNDA:0,adminQuizRestore
FNDA:0,adminQuizCreateQuestion
FNDA:0,(anonymous_19)
FNDA:0,(anonymous_20)
FNDA:0,(anonymous_21)
FNDA:0,adminQuizTransfer
FNDA:0,(anonymous_23)
FNDA:0,(anonymous_24)
FNDA:0,(anonymous_25)
FNDA:0,adminQuizUpdateQuestion
FNDA:0,(anonymous_27)
FNDA:0,(anonymous_28)
FNDA:0,(anonymous_29)
FNDA:0,(anonymous_30)
FNDA:0,adminQuizStartSession
FNDA:0,(anonymous_32)
FNDA:0,(anonymous_33)
FNDA:0,(anonymous_34)
FNDA:0,(anonymous_35)
DA:1,1
DA:24,1
DA:25,0
DA:27,0
DA:29,0
DA:30,0
DA:31,0
DA:35,0
DA:36,0
DA:40,0
DA:42,0
DA:43,0
DA:44,0
DA:51,0
DA:62,1
DA:63,3
DA:66,4
DA:67,3
DA:68,0
DA:72,3
DA:73,0
DA:79,3
DA:80,0
DA:84,3
DA:85,3
DA:86,3
DA:87,1
DA:88,0
DA:93,3
DA:94,0
DA:98,3
DA:99,3
DA:100,2
DA:101,3
DA:102,3
DA:106,3
DA:107,0
DA:108,0
DA:109,0
DA:113,3
DA:116,3
DA:117,3
DA:120,3
DA:134,3
DA:135,3
DA:136,3
DA:137,3
DA:150,1
DA:151,0
DA:154,0
DA:155,0
DA:156,0
DA:161,0
DA:162,0
DA:163,0
DA:164,0
DA:165,0
DA:168,0
DA:169,0
DA:173,0
DA:174,0
DA:176,0
DA:177,0
DA:178,0
DA:179,0
DA:200,1
DA:201,0
DA:205,0
DA:206,0
DA:207,0
DA:208,0
DA:209,0
DA:212,0
DA:213,0
DA:217,0
DA:218,0
DA:220,0
DA:241,1
DA:242,0
DA:243,0
DA:249,0
DA:250,0
DA:256,0
DA:257,0
DA:264,0
DA:266,0
DA:267,0
DA:268,0
DA:275,0
DA:276,0
DA:277,0
DA:278,0
DA:279,0
DA:292,1
DA:293,0
DA:294,0
DA:299,0
DA:300,0
DA:304,0
DA:305,0
DA:306,0
DA:307,0
DA:308,0
DA:311,1
DA:312,0
DA:315,0
DA:317,0
DA:318,0
DA:319,0
DA:323,0
DA:324,0
DA:328,0
DA:330,0
DA:331,0
DA:332,0
DA:339,0
DA:341,1
DA:342,0
DA:345,0
DA:347,0
DA:348,0
DA:349,0
DA:350,0
DA:351,0
DA:356,0
DA:357,0
DA:361,0
DA:362,0
DA:363,0
DA:364,0
DA:365,0
DA:368,0
DA:369,0
DA:373,0
DA:374,0
DA:376,0
DA:377,0
DA:378,0
DA:379,0
DA:392,1
DA:393,0
DA:394,0
DA:398,0
DA:399,0
DA:401,0
DA:402,0
DA:404,0
DA:405,0
DA:407,0
DA:408,0
DA:410,0
DA:411,0
DA:413,0
DA:414,0
DA:415,0
DA:419,0
DA:420,0
DA:421,0
DA:422,0
DA:425,0
DA:426,0
DA:431,0
DA:432,0
DA:433,0
DA:434,0
DA:435,0
DA:438,0
DA:440,0
DA:447,0
DA:453,0
DA:454,0
DA:456,0
DA:457,0
DA:458,0
DA:459,0
DA:460,0
DA:461,0
DA:462,0
DA:463,0
DA:465,0
DA:466,0
DA:467,0
DA:468,0
DA:470,0
DA:471,0
DA:474,1
DA:475,0
DA:478,0
DA:479,0
DA:480,0
DA:485,0
DA:486,0
DA:487,0
DA:488,0
DA:489,0
DA:493,0
DA:494,0
DA:497,0
DA:498,0
DA:501,0
DA:502,0
DA:503,0
DA:506,0
DA:507,0
DA:510,0
DA:511,0
DA:512,0
DA:515,0
DA:516,0
DA:517,0
DA:518,0
DA:519,0
DA:520,0
DA:532,1
DA:533,0
DA:534,0
DA:535,0
DA:538,0
DA:539,0
DA:541,0
DA:542,0
DA:544,0
DA:545,0
DA:547,0
DA:548,0
DA:550,0
DA:551,0
DA:553,0
DA:554,0
DA:556,0
DA:557,0
DA:558,0
DA:562,0
DA:563,0
DA:564,0
DA:565,0
DA:568,0
DA:569,0
DA:574,0
DA:575,0
DA:576,0
DA:577,0
DA:578,0
DA:579,0
DA:580,0
DA:582,0
DA:583,0
DA:589,0
DA:590,0
DA:591,0
DA:592,0
DA:593,0
DA:594,0
DA:595,0
DA:597,0
DA:599,0
DA:600,0
DA:614,1
DA:615,0
DA:617,0
DA:618,0
DA:619,0
DA:622,0
DA:623,0
DA:624,0
DA:627,0
DA:628,0
DA:629,0
DA:632,0
DA:633,0
DA:636,0
DA:637,0
DA:639,0
DA:647,0
DA:648,0
DA:650,0
LF:276
LH:37
BRDA:30,0,0,0
BRDA:30,0,1,0
BRDA:35,1,0,0
BRDA:35,1,1,0
BRDA:67,2,0,0
BRDA:67,2,1,3
BRDA:72,3,0,0
BRDA:72,3,1,3
BRDA:79,4,0,0
BRDA:79,4,1,3
BRDA:79,5,0,3
BRDA:79,5,1,3
BRDA:87,6,0,0
BRDA:87,6,1,1
BRDA:93,7,0,0
BRDA:93,7,1,3
BRDA:99,8,0,2
BRDA:99,8,1,1
BRDA:101,9,0,3
BRDA:101,9,1,0
BRDA:106,10,0,0
BRDA:106,10,1,3
BRDA:108,11,0,0
BRDA:108,11,1,0
BRDA:155,12,0,0
BRDA:155,12,1,0
BRDA:163,13,0,0
BRDA:163,13,1,0
BRDA:168,14,0,0
BRDA:168,14,1,0
BRDA:173,15,0,0
BRDA:173,15,1,0
BRDA:207,16,0,0
BRDA:207,16,1,0
BRDA:212,17,0,0
BRDA:212,17,1,0
BRDA:217,18,0,0
BRDA:217,18,1,0
BRDA:249,19,0,0
BRDA:249,19,1,0
BRDA:256,20,0,0
BRDA:256,20,1,0
BRDA:256,21,0,0
BRDA:256,21,1,0
BRDA:264,22,0,0
BRDA:264,22,1,0
BRDA:267,23,0,0
BRDA:267,23,1,0
BRDA:299,24,0,0
BRDA:299,24,1,0
BRDA:318,25,0,0
BRDA:318,25,1,0
BRDA:323,26,0,0
BRDA:323,26,1,0
BRDA:348,27,0,0
BRDA:348,27,1,0
BRDA:350,28,0,0
BRDA:350,28,1,0
BRDA:356,29,0,0
BRDA:356,29,1,0
BRDA:363,30,0,0
BRDA:363,30,1,0
BRDA:368,31,0,0
BRDA:368,31,1,0
BRDA:373,32,0,0
BRDA:373,32,1,0
BRDA:398,33,0,0
BRDA:398,33,1,0
BRDA:398,34,0,0
BRDA:398,34,1,0
BRDA:401,35,0,0
BRDA:401,35,1,0
BRDA:401,36,0,0
BRDA:401,36,1,0
BRDA:404,37,0,0
BRDA:404,37,1,0
BRDA:407,38,0,0
BRDA:407,38,1,0
BRDA:410,39,0,0
BRDA:410,39,1,0
BRDA:410,40,0,0
BRDA:410,40,1,0
BRDA:414,41,0,0
BRDA:414,41,1,0
BRDA:414,42,0,0
BRDA:414,42,1,0
BRDA:421,43,0,0
BRDA:421,43,1,0
BRDA:425,44,0,0
BRDA:425,44,1,0
BRDA:432,45,0,0
BRDA:432,45,1,0
BRDA:434,46,0,0
BRDA:434,46,1,0
BRDA:479,47,0,0
BRDA:479,47,1,0
BRDA:487,48,0,0
BRDA:487,48,1,0
BRDA:493,49,0,0
BRDA:493,49,1,0
BRDA:497,50,0,0
BRDA:497,50,1,0
BRDA:502,51,0,0
BRDA:502,51,1,0
BRDA:506,52,0,0
BRDA:506,52,1,0
BRDA:511,53,0,0
BRDA:511,53,1,0
BRDA:511,54,0,0
BRDA:511,54,1,0
BRDA:538,55,0,0
BRDA:538,55,1,0
BRDA:541,56,0,0
BRDA:541,56,1,0
BRDA:541,57,0,0
BRDA:541,57,1,0
BRDA:544,58,0,0
BRDA:544,58,1,0
BRDA:544,59,0,0
BRDA:544,59,1,0
BRDA:547,60,0,0
BRDA:547,60,1,0
BRDA:550,61,0,0
BRDA:550,61,1,0
BRDA:553,62,0,0
BRDA:553,62,1,0
BRDA:553,63,0,0
BRDA:553,63,1,0
BRDA:557,64,0,0
BRDA:557,64,1,0
BRDA:557,65,0,0
BRDA:557,65,1,0
BRDA:564,66,0,0
BRDA:564,66,1,0
BRDA:568,67,0,0
BRDA:568,67,1,0
BRDA:618,68,0,0
BRDA:618,68,1,0
BRDA:623,69,0,0
BRDA:623,69,1,0
BRDA:623,70,0,0
BRDA:623,70,1,0
BRDA:627,71,0,0
BRDA:627,71,1,0
BRDA:628,72,0,0
BRDA:628,72,1,0
BRDA:632,73,0,0
BRDA:632,73,1,0
BRF:148
BRH:11
end_of_record
TN:
SF:src/server.ts
FN:27,(anonymous_14)
FN:38,(anonymous_15)
FN:43,(anonymous_16)
FN:49,(anonymous_17)
FN:62,(anonymous_18)
FN:75,(anonymous_19)
FN:85,(anonymous_20)
FN:98,(anonymous_21)
FN:108,(anonymous_22)
FN:121,(anonymous_23)
FN:131,(anonymous_24)
FN:142,(anonymous_25)
FN:163,(anonymous_26)
FN:184,(anonymous_27)
FN:198,(anonymous_28)
FN:218,(anonymous_29)
FN:231,(anonymous_30)
FN:248,(anonymous_31)
FN:269,(anonymous_32)
FN:283,(anonymous_33)
FN:305,(anonymous_34)
FN:305,(anonymous_35)
FN:332,(anonymous_36)
FN:351,(anonymous_37)
FN:357,(anonymous_38)
FN:358,(anonymous_39)
FNF:26
FNH:6
FNDA:0,(anonymous_14)
FNDA:0,(anonymous_15)
FNDA:1,(anonymous_16)
FNDA:0,(anonymous_17)
FNDA:0,(anonymous_18)
FNDA:0,(anonymous_19)
FNDA:0,(anonymous_20)
FNDA:2,(anonymous_21)
FNDA:3,(anonymous_22)
FNDA:0,(anonymous_23)
FNDA:0,(anonymous_24)
FNDA:0,(anonymous_25)
FNDA:0,(anonymous_26)
FNDA:0,(anonymous_27)
FNDA:0,(anonymous_28)
FNDA:0,(anonymous_29)
FNDA:0,(anonymous_30)
FNDA:0,(anonymous_31)
FNDA:0,(anonymous_32)
FNDA:0,(anonymous_33)
FNDA:1,(anonymous_34)
FNDA:1,(anonymous_35)
FNDA:0,(anonymous_36)
FNDA:1,(anonymous_37)
FNDA:0,(anonymous_38)
FNDA:0,(anonymous_39)
DA:1,1
DA:2,1
DA:3,1
DA:4,1
DA:5,1
DA:6,1
DA:7,1
DA:8,1
DA:9,1
DA:10,1
DA:11,1
DA:12,1
DA:13,1
DA:14,1
DA:15,1
DA:18,1
DA:20,1
DA:22,1
DA:24,1
DA:26,1
DA:27,1
DA:28,1
DA:30,1
DA:31,1
DA:38,1
DA:39,0
DA:40,0
DA:43,1
DA:44,1
DA:45,1
DA:49,1
DA:50,0
DA:51,0
DA:52,0
DA:53,0
DA:55,0
DA:56,0
DA:57,0
DA:59,0
DA:62,1
DA:63,0
DA:64,0
DA:65,0
DA:66,0
DA:68,0
DA:69,0
DA:70,0
DA:72,0
DA:75,1
DA:76,0
DA:77,0
DA:78,0
DA:79,0
DA:82,0
DA:85,1
DA:86,0
DA:87,0
DA:88,0
DA:89,0
DA:91,0
DA:92,0
DA:93,0
DA:95,0
DA:98,1
DA:99,2
DA:100,2
DA:102,2
DA:103,0
DA:105,2
DA:108,1
DA:109,3
DA:110,3
DA:111,3
DA:112,0
DA:114,3
DA:115,3
DA:116,0
DA:118,3
DA:121,1
DA:122,0
DA:123,0
DA:125,0
DA:126,0
DA:128,0
DA:131,1
DA:132,0
DA:133,0
DA:135,0
DA:136,0
DA:139,0
DA:142,1
DA:143,0
DA:144,0
DA:145,0
DA:146,0
DA:147,0
DA:150,0
DA:151,0
DA:152,0
DA:155,0
DA:157,0
DA:158,0
DA:160,0
DA:163,1
DA:164,0
DA:165,0
DA:166,0
DA:167,0
DA:168,0
DA:171,0
DA:172,0
DA:173,0
DA:176,0
DA:178,0
DA:179,0
DA:181,0
DA:184,1
DA:185,0
DA:186,0
DA:187,0
DA:188,0
DA:189,0
DA:191,0
DA:192,0
DA:193,0
DA:195,0
DA:198,1
DA:199,0
DA:200,0
DA:201,0
DA:202,0
DA:203,0
DA:205,0
DA:206,0
DA:207,0
DA:208,0
DA:209,0
DA:210,0
DA:212,0
DA:215,0
DA:218,1
DA:219,0
DA:220,0
DA:221,0
DA:222,0
DA:224,0
DA:225,0
DA:226,0
DA:228,0
DA:231,1
DA:232,0
DA:233,0
DA:234,0
DA:235,0
DA:236,0
DA:238,0
DA:239,0
DA:240,0
DA:246,0
DA:248,1
DA:249,0
DA:250,0
DA:251,0
DA:252,0
DA:253,0
DA:256,0
DA:257,0
DA:258,0
DA:261,0
DA:263,0
DA:264,0
DA:266,0
DA:269,1
DA:270,0
DA:271,0
DA:272,0
DA:273,0
DA:274,0
DA:276,0
DA:277,0
DA:278,0
DA:280,0
DA:283,1
DA:284,0
DA:285,0
DA:286,0
DA:287,0
DA:288,0
DA:289,0
DA:292,0
DA:293,0
DA:294,0
DA:297,0
DA:299,0
DA:300,0
DA:302,0
DA:305,1
DA:306,1
DA:307,1
DA:308,1
DA:310,1
DA:311,1
DA:312,1
DA:315,0
DA:316,0
DA:317,0
DA:320,0
DA:321,0
DA:322,0
DA:325,0
DA:332,1
DA:333,0
DA:344,0
DA:348,1
DA:351,1
DA:353,1
DA:357,1
DA:358,0
LF:218
LH:67
BRDA:28,0,0,0
BRDA:28,0,1,1
BRDA:30,1,0,1
BRDA:30,1,1,1
BRDA:31,2,0,1
BRDA:31,2,1,1
BRDA:52,3,0,0
BRDA:52,3,1,0
BRDA:56,4,0,0
BRDA:56,4,1,0
BRDA:65,5,0,0
BRDA:65,5,1,0
BRDA:69,6,0,0
BRDA:69,6,1,0
BRDA:78,7,0,0
BRDA:78,7,1,0
BRDA:88,8,0,0
BRDA:88,8,1,0
BRDA:92,9,0,0
BRDA:92,9,1,0
BRDA:102,10,0,0
BRDA:102,10,1,2
BRDA:111,11,0,0
BRDA:111,11,1,3
BRDA:115,12,0,0
BRDA:115,12,1,3
BRDA:125,13,0,0
BRDA:125,13,1,0
BRDA:135,14,0,0
BRDA:135,14,1,0
BRDA:146,15,0,0
BRDA:146,15,1,0
BRDA:151,16,0,0
BRDA:151,16,1,0
BRDA:157,17,0,0
BRDA:157,17,1,0
BRDA:167,18,0,0
BRDA:167,18,1,0
BRDA:172,19,0,0
BRDA:172,19,1,0
BRDA:178,20,0,0
BRDA:178,20,1,0
BRDA:188,21,0,0
BRDA:188,21,1,0
BRDA:192,22,0,0
BRDA:192,22,1,0
BRDA:202,23,0,0
BRDA:202,23,1,0
BRDA:206,24,0,0
BRDA:206,24,1,0
BRDA:207,25,0,0
BRDA:207,25,1,0
BRDA:209,26,0,0
BRDA:209,26,1,0
BRDA:221,27,0,0
BRDA:221,27,1,0
BRDA:225,28,0,0
BRDA:225,28,1,0
BRDA:235,29,0,0
BRDA:235,29,1,0
BRDA:239,30,0,0
BRDA:239,30,1,0
BRDA:252,31,0,0
BRDA:252,31,1,0
BRDA:257,32,0,0
BRDA:257,32,1,0
BRDA:263,33,0,0
BRDA:263,33,1,0
BRDA:273,34,0,0
BRDA:273,34,1,0
BRDA:277,35,0,0
BRDA:277,35,1,0
BRDA:288,36,0,0
BRDA:288,36,1,0
BRDA:293,37,0,0
BRDA:293,37,1,0
BRDA:299,38,0,0
BRDA:299,38,1,0
BRDA:311,39,0,1
BRDA:311,39,1,0
BRDA:316,40,0,0
BRDA:316,40,1,0
BRDA:321,41,0,0
BRDA:321,41,1,0
BRF:84
BRH:9
end_of_record
